{"/Users/user/Desktop/web2.0/WeIns_F/src/components/information.vue": {"path":"/Users/user/Desktop/web2.0/WeIns_F/src/components/information.vue","statementMap":{"0":{"start":{"line":125,"column":0},"end":{"line":125,"column":null}},"1":{"start":{"line":129,"column":0},"end":{"line":129,"column":null}},"2":{"start":{"line":160,"column":0},"end":{"line":160,"column":null}},"3":{"start":{"line":164,"column":0},"end":{"line":164,"column":null}},"4":{"start":{"line":166,"column":0},"end":{"line":166,"column":null}},"5":{"start":{"line":168,"column":0},"end":{"line":168,"column":null}},"6":{"start":{"line":170,"column":0},"end":{"line":170,"column":null}},"7":{"start":{"line":172,"column":0},"end":{"line":172,"column":null}},"8":{"start":{"line":176,"column":0},"end":{"line":179,"column":null}},"9":{"start":{"line":177,"column":0},"end":{"line":177,"column":null}},"10":{"start":{"line":178,"column":0},"end":{"line":178,"column":null}},"11":{"start":{"line":181,"column":0},"end":{"line":184,"column":null}},"12":{"start":{"line":182,"column":0},"end":{"line":182,"column":null}},"13":{"start":{"line":183,"column":0},"end":{"line":183,"column":null}},"14":{"start":{"line":186,"column":0},"end":{"line":186,"column":null}},"15":{"start":{"line":187,"column":0},"end":{"line":187,"column":null}},"16":{"start":{"line":190,"column":0},"end":{"line":190,"column":null}},"17":{"start":{"line":191,"column":0},"end":{"line":191,"column":null}},"18":{"start":{"line":197,"column":0},"end":{"line":197,"column":null}},"19":{"start":{"line":198,"column":0},"end":{"line":198,"column":null}},"20":{"start":{"line":200,"column":0},"end":{"line":200,"column":null}},"21":{"start":{"line":201,"column":0},"end":{"line":201,"column":null}},"22":{"start":{"line":203,"column":0},"end":{"line":203,"column":null}},"23":{"start":{"line":206,"column":0},"end":{"line":206,"column":null}},"24":{"start":{"line":209,"column":0},"end":{"line":209,"column":null}},"25":{"start":{"line":210,"column":0},"end":{"line":210,"column":null}},"26":{"start":{"line":211,"column":0},"end":{"line":211,"column":null}},"27":{"start":{"line":214,"column":0},"end":{"line":214,"column":null}},"28":{"start":{"line":215,"column":0},"end":{"line":215,"column":null}},"29":{"start":{"line":216,"column":0},"end":{"line":216,"column":null}},"30":{"start":{"line":217,"column":0},"end":{"line":217,"column":null}},"31":{"start":{"line":218,"column":0},"end":{"line":218,"column":null}},"32":{"start":{"line":219,"column":0},"end":{"line":219,"column":null}},"33":{"start":{"line":220,"column":0},"end":{"line":231,"column":null}},"34":{"start":{"line":221,"column":0},"end":{"line":221,"column":null}},"35":{"start":{"line":232,"column":0},"end":{"line":232,"column":null}},"36":{"start":{"line":242,"column":0},"end":{"line":251,"column":null}},"37":{"start":{"line":243,"column":0},"end":{"line":243,"column":null}},"38":{"start":{"line":244,"column":0},"end":{"line":247,"column":null}},"39":{"start":{"line":245,"column":0},"end":{"line":245,"column":null}},"40":{"start":{"line":246,"column":0},"end":{"line":246,"column":null}},"41":{"start":{"line":248,"column":0},"end":{"line":248,"column":null}},"42":{"start":{"line":249,"column":0},"end":{"line":249,"column":null}},"43":{"start":{"line":250,"column":0},"end":{"line":250,"column":null}},"44":{"start":{"line":252,"column":0},"end":{"line":252,"column":null}},"45":{"start":{"line":253,"column":0},"end":{"line":253,"column":null}},"46":{"start":{"line":255,"column":0},"end":{"line":264,"column":null}},"47":{"start":{"line":256,"column":0},"end":{"line":256,"column":null}},"48":{"start":{"line":257,"column":0},"end":{"line":257,"column":null}},"49":{"start":{"line":259,"column":0},"end":{"line":259,"column":null}},"50":{"start":{"line":260,"column":0},"end":{"line":263,"column":null}},"51":{"start":{"line":261,"column":0},"end":{"line":261,"column":null}},"52":{"start":{"line":262,"column":0},"end":{"line":262,"column":null}},"53":{"start":{"line":290,"column":0},"end":{"line":292,"column":null}},"54":{"start":{"line":291,"column":0},"end":{"line":291,"column":null}},"55":{"start":{"line":295,"column":0},"end":{"line":310,"column":null}},"56":{"start":{"line":296,"column":0},"end":{"line":296,"column":null}},"57":{"start":{"line":298,"column":0},"end":{"line":298,"column":null}},"58":{"start":{"line":301,"column":0},"end":{"line":301,"column":null}},"59":{"start":{"line":302,"column":0},"end":{"line":302,"column":null}},"60":{"start":{"line":303,"column":0},"end":{"line":303,"column":null}},"61":{"start":{"line":305,"column":0},"end":{"line":305,"column":null}},"62":{"start":{"line":306,"column":0},"end":{"line":306,"column":null}},"63":{"start":{"line":307,"column":0},"end":{"line":307,"column":null}},"64":{"start":{"line":308,"column":0},"end":{"line":308,"column":null}},"65":{"start":{"line":309,"column":0},"end":{"line":309,"column":null}},"66":{"start":{"line":313,"column":0},"end":{"line":324,"column":null}},"67":{"start":{"line":314,"column":0},"end":{"line":314,"column":null}},"68":{"start":{"line":317,"column":0},"end":{"line":317,"column":null}},"69":{"start":{"line":318,"column":0},"end":{"line":318,"column":null}},"70":{"start":{"line":319,"column":0},"end":{"line":319,"column":null}},"71":{"start":{"line":321,"column":0},"end":{"line":321,"column":null}},"72":{"start":{"line":322,"column":0},"end":{"line":322,"column":null}},"73":{"start":{"line":323,"column":0},"end":{"line":323,"column":null}}},"fnMap":{"0":{"name":"(anonymous_1)","decl":{"start":{"line":128,"column":0},"end":{"line":128,"column":null}},"loc":{"start":{"line":128,"column":0},"end":{"line":158,"column":null}}},"1":{"name":"(anonymous_2)","decl":{"start":{"line":159,"column":0},"end":{"line":159,"column":null}},"loc":{"start":{"line":159,"column":0},"end":{"line":161,"column":null}}},"2":{"name":"(anonymous_3)","decl":{"start":{"line":163,"column":0},"end":{"line":163,"column":null}},"loc":{"start":{"line":163,"column":0},"end":{"line":174,"column":null}}},"3":{"name":"(anonymous_4)","decl":{"start":{"line":175,"column":0},"end":{"line":175,"column":null}},"loc":{"start":{"line":175,"column":0},"end":{"line":188,"column":null}}},"4":{"name":"(anonymous_5)","decl":{"start":{"line":189,"column":0},"end":{"line":189,"column":null}},"loc":{"start":{"line":189,"column":0},"end":{"line":195,"column":null}}},"5":{"name":"(anonymous_6)","decl":{"start":{"line":196,"column":0},"end":{"line":196,"column":null}},"loc":{"start":{"line":196,"column":0},"end":{"line":207,"column":null}}},"6":{"name":"(anonymous_7)","decl":{"start":{"line":208,"column":0},"end":{"line":208,"column":null}},"loc":{"start":{"line":208,"column":0},"end":{"line":212,"column":null}}},"7":{"name":"(anonymous_8)","decl":{"start":{"line":213,"column":0},"end":{"line":213,"column":null}},"loc":{"start":{"line":213,"column":0},"end":{"line":233,"column":null}}},"8":{"name":"(anonymous_9)","decl":{"start":{"line":241,"column":0},"end":{"line":241,"column":null}},"loc":{"start":{"line":241,"column":0},"end":{"line":293,"column":null}}},"9":{"name":"(anonymous_10)","decl":{"start":{"line":290,"column":0},"end":{"line":290,"column":null}},"loc":{"start":{"line":290,"column":0},"end":{"line":292,"column":null}}},"10":{"name":"(anonymous_11)","decl":{"start":{"line":294,"column":0},"end":{"line":294,"column":null}},"loc":{"start":{"line":294,"column":0},"end":{"line":311,"column":null}}},"11":{"name":"(anonymous_12)","decl":{"start":{"line":312,"column":0},"end":{"line":312,"column":null}},"loc":{"start":{"line":312,"column":0},"end":{"line":325,"column":null}}}},"branchMap":{"0":{"loc":{"start":{"line":165,"column":0},"end":{"line":166,"column":null}},"type":"switch","locations":[{"start":{"line":165,"column":0},"end":{"line":166,"column":null}},{"start":{"line":167,"column":0},"end":{"line":168,"column":null}},{"start":{"line":169,"column":0},"end":{"line":170,"column":null}},{"start":{"line":171,"column":0},"end":{"line":172,"column":null}}]},"1":{"loc":{"start":{"line":176,"column":0},"end":{"line":179,"column":null}},"type":"if","locations":[{"start":{"line":176,"column":0},"end":{"line":179,"column":null}},{"start":{"line":176,"column":0},"end":{"line":179,"column":null}}]},"2":{"loc":{"start":{"line":181,"column":0},"end":{"line":184,"column":null}},"type":"if","locations":[{"start":{"line":181,"column":0},"end":{"line":184,"column":null}},{"start":{"line":181,"column":0},"end":{"line":184,"column":null}}]},"3":{"loc":{"start":{"line":191,"column":0},"end":{"line":191,"column":null}},"type":"binary-expr","locations":[{"start":{"line":191,"column":0},"end":{"line":191,"column":null}},{"start":{"line":191,"column":0},"end":{"line":191,"column":null}},{"start":{"line":191,"column":0},"end":{"line":191,"column":null}},{"start":{"line":191,"column":0},"end":{"line":191,"column":null}},{"start":{"line":191,"column":0},"end":{"line":191,"column":null}}]},"4":{"loc":{"start":{"line":198,"column":0},"end":{"line":198,"column":null}},"type":"if","locations":[{"start":{"line":198,"column":0},"end":{"line":198,"column":null}},{"start":{"line":198,"column":0},"end":{"line":198,"column":null}}]},"5":{"loc":{"start":{"line":203,"column":0},"end":{"line":203,"column":null}},"type":"if","locations":[{"start":{"line":203,"column":0},"end":{"line":203,"column":null}},{"start":{"line":203,"column":0},"end":{"line":203,"column":null}}]},"6":{"loc":{"start":{"line":220,"column":0},"end":{"line":231,"column":null}},"type":"if","locations":[{"start":{"line":220,"column":0},"end":{"line":231,"column":null}},{"start":{"line":220,"column":0},"end":{"line":231,"column":null}}]},"7":{"loc":{"start":{"line":242,"column":0},"end":{"line":251,"column":null}},"type":"if","locations":[{"start":{"line":242,"column":0},"end":{"line":251,"column":null}},{"start":{"line":242,"column":0},"end":{"line":251,"column":null}}]},"8":{"loc":{"start":{"line":244,"column":0},"end":{"line":247,"column":null}},"type":"if","locations":[{"start":{"line":244,"column":0},"end":{"line":247,"column":null}},{"start":{"line":244,"column":0},"end":{"line":247,"column":null}}]},"9":{"loc":{"start":{"line":255,"column":0},"end":{"line":264,"column":null}},"type":"if","locations":[{"start":{"line":255,"column":0},"end":{"line":264,"column":null}},{"start":{"line":255,"column":0},"end":{"line":264,"column":null}}]},"10":{"loc":{"start":{"line":260,"column":0},"end":{"line":263,"column":null}},"type":"if","locations":[{"start":{"line":260,"column":0},"end":{"line":263,"column":null}},{"start":{"line":260,"column":0},"end":{"line":263,"column":null}}]},"11":{"loc":{"start":{"line":295,"column":0},"end":{"line":310,"column":null}},"type":"if","locations":[{"start":{"line":295,"column":0},"end":{"line":310,"column":null}},{"start":{"line":295,"column":0},"end":{"line":310,"column":null}}]},"12":{"loc":{"start":{"line":296,"column":0},"end":{"line":296,"column":null}},"type":"if","locations":[{"start":{"line":296,"column":0},"end":{"line":296,"column":null}},{"start":{"line":296,"column":0},"end":{"line":296,"column":null}}]},"13":{"loc":{"start":{"line":298,"column":0},"end":{"line":298,"column":null}},"type":"if","locations":[{"start":{"line":298,"column":0},"end":{"line":298,"column":null}},{"start":{"line":298,"column":0},"end":{"line":298,"column":null}}]},"14":{"loc":{"start":{"line":313,"column":0},"end":{"line":324,"column":null}},"type":"if","locations":[{"start":{"line":313,"column":0},"end":{"line":324,"column":null}},{"start":{"line":313,"column":0},"end":{"line":324,"column":null}}]},"15":{"loc":{"start":{"line":314,"column":0},"end":{"line":314,"column":null}},"type":"if","locations":[{"start":{"line":314,"column":0},"end":{"line":314,"column":null}},{"start":{"line":314,"column":0},"end":{"line":314,"column":null}}]}},"s":{"0":1,"1":1,"2":1,"3":7,"4":1,"5":1,"6":2,"7":3,"8":3,"9":1,"10":1,"11":2,"12":1,"13":1,"14":1,"15":1,"16":2,"17":2,"18":1,"19":2,"20":1,"21":1,"22":1,"23":1,"24":2,"25":2,"26":2,"27":1,"28":1,"29":1,"30":1,"31":1,"32":1,"33":1,"34":1,"35":1,"36":6,"37":2,"38":2,"39":1,"40":1,"41":1,"42":1,"43":1,"44":5,"45":5,"46":5,"47":1,"48":1,"49":4,"50":4,"51":1,"52":1,"53":3,"54":3,"55":3,"56":3,"57":1,"58":1,"59":1,"60":1,"61":1,"62":1,"63":1,"64":1,"65":1,"66":3,"67":3,"68":1,"69":1,"70":1,"71":1,"72":1,"73":1},"f":{"0":1,"1":1,"2":7,"3":3,"4":2,"5":1,"6":2,"7":1,"8":6,"9":3,"10":3,"11":3},"b":{"0":[1,1,2,3],"1":[1,2],"2":[1,1],"3":[2,2,1,0,0],"4":[1,0],"5":[0,1],"6":[1,0],"7":[2,4],"8":[1,1],"9":[1,4],"10":[1,3],"11":[2,1],"12":[3,3],"13":[0,1],"14":[2,1],"15":[3,3]}}
,"/Users/user/Desktop/web2.0/WeIns_F/src/components/personalcard.vue": {"path":"/Users/user/Desktop/web2.0/WeIns_F/src/components/personalcard.vue","statementMap":{"0":{"start":{"line":37,"column":0},"end":{"line":37,"column":null}},"1":{"start":{"line":41,"column":0},"end":{"line":41,"column":null}},"2":{"start":{"line":58,"column":0},"end":{"line":58,"column":null}},"3":{"start":{"line":62,"column":0},"end":{"line":62,"column":null}},"4":{"start":{"line":63,"column":0},"end":{"line":63,"column":null}},"5":{"start":{"line":64,"column":0},"end":{"line":64,"column":null}},"6":{"start":{"line":76,"column":0},"end":{"line":78,"column":null}},"7":{"start":{"line":77,"column":0},"end":{"line":77,"column":null}},"8":{"start":{"line":81,"column":0},"end":{"line":94,"column":null}},"9":{"start":{"line":82,"column":0},"end":{"line":82,"column":null}},"10":{"start":{"line":83,"column":0},"end":{"line":83,"column":null}},"11":{"start":{"line":84,"column":0},"end":{"line":84,"column":null}},"12":{"start":{"line":85,"column":0},"end":{"line":87,"column":null}},"13":{"start":{"line":86,"column":0},"end":{"line":86,"column":null}},"14":{"start":{"line":88,"column":0},"end":{"line":90,"column":null}},"15":{"start":{"line":89,"column":0},"end":{"line":89,"column":null}},"16":{"start":{"line":91,"column":0},"end":{"line":93,"column":null}},"17":{"start":{"line":92,"column":0},"end":{"line":92,"column":null}},"18":{"start":{"line":98,"column":0},"end":{"line":100,"column":null}},"19":{"start":{"line":99,"column":0},"end":{"line":99,"column":null}},"20":{"start":{"line":102,"column":0},"end":{"line":102,"column":null}},"21":{"start":{"line":103,"column":0},"end":{"line":103,"column":null}},"22":{"start":{"line":106,"column":0},"end":{"line":106,"column":null}},"23":{"start":{"line":107,"column":0},"end":{"line":107,"column":null}},"24":{"start":{"line":108,"column":0},"end":{"line":108,"column":null}},"25":{"start":{"line":111,"column":0},"end":{"line":111,"column":null}},"26":{"start":{"line":112,"column":0},"end":{"line":112,"column":null}},"27":{"start":{"line":114,"column":0},"end":{"line":114,"column":null}},"28":{"start":{"line":115,"column":0},"end":{"line":115,"column":null}},"29":{"start":{"line":129,"column":0},"end":{"line":129,"column":null}},"30":{"start":{"line":130,"column":0},"end":{"line":132,"column":null}},"31":{"start":{"line":131,"column":0},"end":{"line":131,"column":null}}},"fnMap":{"0":{"name":"(anonymous_1)","decl":{"start":{"line":40,"column":0},"end":{"line":40,"column":null}},"loc":{"start":{"line":40,"column":0},"end":{"line":56,"column":null}}},"1":{"name":"(anonymous_2)","decl":{"start":{"line":57,"column":0},"end":{"line":57,"column":null}},"loc":{"start":{"line":57,"column":0},"end":{"line":59,"column":null}}},"2":{"name":"(anonymous_3)","decl":{"start":{"line":61,"column":0},"end":{"line":61,"column":null}},"loc":{"start":{"line":61,"column":0},"end":{"line":79,"column":null}}},"3":{"name":"(anonymous_4)","decl":{"start":{"line":76,"column":0},"end":{"line":76,"column":null}},"loc":{"start":{"line":76,"column":0},"end":{"line":78,"column":null}}},"4":{"name":"(anonymous_5)","decl":{"start":{"line":80,"column":0},"end":{"line":80,"column":null}},"loc":{"start":{"line":80,"column":0},"end":{"line":95,"column":null}}},"5":{"name":"(anonymous_6)","decl":{"start":{"line":81,"column":0},"end":{"line":81,"column":null}},"loc":{"start":{"line":81,"column":0},"end":{"line":94,"column":null}}},"6":{"name":"(anonymous_7)","decl":{"start":{"line":85,"column":0},"end":{"line":85,"column":null}},"loc":{"start":{"line":85,"column":0},"end":{"line":87,"column":null}}},"7":{"name":"(anonymous_8)","decl":{"start":{"line":88,"column":0},"end":{"line":88,"column":null}},"loc":{"start":{"line":88,"column":0},"end":{"line":90,"column":null}}},"8":{"name":"(anonymous_9)","decl":{"start":{"line":91,"column":0},"end":{"line":91,"column":null}},"loc":{"start":{"line":91,"column":0},"end":{"line":93,"column":null}}},"9":{"name":"(anonymous_10)","decl":{"start":{"line":96,"column":0},"end":{"line":96,"column":null}},"loc":{"start":{"line":96,"column":0},"end":{"line":104,"column":null}}},"10":{"name":"(anonymous_11)","decl":{"start":{"line":98,"column":0},"end":{"line":98,"column":null}},"loc":{"start":{"line":98,"column":0},"end":{"line":100,"column":null}}},"11":{"name":"(anonymous_12)","decl":{"start":{"line":105,"column":0},"end":{"line":105,"column":null}},"loc":{"start":{"line":105,"column":0},"end":{"line":109,"column":null}}},"12":{"name":"(anonymous_13)","decl":{"start":{"line":110,"column":0},"end":{"line":110,"column":null}},"loc":{"start":{"line":110,"column":0},"end":{"line":133,"column":null}}},"13":{"name":"(anonymous_14)","decl":{"start":{"line":130,"column":0},"end":{"line":130,"column":null}},"loc":{"start":{"line":130,"column":0},"end":{"line":132,"column":null}}}},"branchMap":{"0":{"loc":{"start":{"line":63,"column":0},"end":{"line":63,"column":null}},"type":"if","locations":[{"start":{"line":63,"column":0},"end":{"line":63,"column":null}},{"start":{"line":63,"column":0},"end":{"line":63,"column":null}}]}},"s":{"0":1,"1":1,"2":1,"3":1,"4":2,"5":1,"6":1,"7":1,"8":1,"9":1,"10":1,"11":1,"12":0,"13":0,"14":0,"15":0,"16":0,"17":0,"18":1,"19":0,"20":1,"21":1,"22":1,"23":1,"24":1,"25":1,"26":1,"27":1,"28":1,"29":1,"30":1,"31":1},"f":{"0":1,"1":1,"2":1,"3":1,"4":1,"5":1,"6":0,"7":0,"8":0,"9":1,"10":0,"11":1,"12":1,"13":1},"b":{"0":[1,0]}}
,"/Users/user/Desktop/web2.0/WeIns_F/src/components/release_blog.vue": {"path":"/Users/user/Desktop/web2.0/WeIns_F/src/components/release_blog.vue","statementMap":{"0":{"start":{"line":157,"column":0},"end":{"line":157,"column":null}},"1":{"start":{"line":158,"column":0},"end":{"line":158,"column":null}},"2":{"start":{"line":165,"column":0},"end":{"line":165,"column":null}},"3":{"start":{"line":186,"column":0},"end":{"line":186,"column":null}},"4":{"start":{"line":190,"column":0},"end":{"line":190,"column":null}},"5":{"start":{"line":191,"column":0},"end":{"line":191,"column":null}},"6":{"start":{"line":192,"column":0},"end":{"line":192,"column":null}},"7":{"start":{"line":193,"column":0},"end":{"line":193,"column":null}},"8":{"start":{"line":194,"column":0},"end":{"line":194,"column":null}},"9":{"start":{"line":195,"column":0},"end":{"line":195,"column":null}},"10":{"start":{"line":196,"column":0},"end":{"line":196,"column":null}},"11":{"start":{"line":197,"column":0},"end":{"line":197,"column":null}},"12":{"start":{"line":198,"column":0},"end":{"line":198,"column":null}},"13":{"start":{"line":199,"column":0},"end":{"line":199,"column":null}},"14":{"start":{"line":200,"column":0},"end":{"line":200,"column":null}},"15":{"start":{"line":201,"column":0},"end":{"line":201,"column":null}},"16":{"start":{"line":202,"column":0},"end":{"line":202,"column":null}},"17":{"start":{"line":203,"column":0},"end":{"line":203,"column":null}},"18":{"start":{"line":206,"column":0},"end":{"line":206,"column":null}},"19":{"start":{"line":209,"column":0},"end":{"line":209,"column":null}},"20":{"start":{"line":217,"column":0},"end":{"line":217,"column":null}},"21":{"start":{"line":218,"column":0},"end":{"line":218,"column":null}},"22":{"start":{"line":219,"column":0},"end":{"line":219,"column":null}},"23":{"start":{"line":220,"column":0},"end":{"line":220,"column":null}},"24":{"start":{"line":221,"column":0},"end":{"line":221,"column":null}},"25":{"start":{"line":224,"column":0},"end":{"line":224,"column":null}},"26":{"start":{"line":225,"column":0},"end":{"line":225,"column":null}},"27":{"start":{"line":226,"column":0},"end":{"line":226,"column":null}},"28":{"start":{"line":229,"column":0},"end":{"line":229,"column":null}},"29":{"start":{"line":230,"column":0},"end":{"line":230,"column":null}},"30":{"start":{"line":231,"column":0},"end":{"line":231,"column":null}},"31":{"start":{"line":233,"column":0},"end":{"line":233,"column":null}},"32":{"start":{"line":234,"column":0},"end":{"line":234,"column":null}},"33":{"start":{"line":236,"column":0},"end":{"line":236,"column":null}},"34":{"start":{"line":239,"column":0},"end":{"line":239,"column":null}},"35":{"start":{"line":240,"column":0},"end":{"line":243,"column":null}},"36":{"start":{"line":241,"column":0},"end":{"line":241,"column":null}},"37":{"start":{"line":242,"column":0},"end":{"line":242,"column":null}},"38":{"start":{"line":245,"column":0},"end":{"line":248,"column":null}},"39":{"start":{"line":246,"column":0},"end":{"line":246,"column":null}},"40":{"start":{"line":247,"column":0},"end":{"line":247,"column":null}},"41":{"start":{"line":250,"column":0},"end":{"line":250,"column":null}},"42":{"start":{"line":273,"column":0},"end":{"line":276,"column":null}},"43":{"start":{"line":274,"column":0},"end":{"line":274,"column":null}},"44":{"start":{"line":275,"column":0},"end":{"line":275,"column":null}},"45":{"start":{"line":279,"column":0},"end":{"line":279,"column":null}},"46":{"start":{"line":280,"column":0},"end":{"line":280,"column":null}},"47":{"start":{"line":283,"column":0},"end":{"line":283,"column":null}},"48":{"start":{"line":284,"column":0},"end":{"line":284,"column":null}},"49":{"start":{"line":285,"column":0},"end":{"line":285,"column":null}},"50":{"start":{"line":288,"column":0},"end":{"line":288,"column":null}},"51":{"start":{"line":289,"column":0},"end":{"line":289,"column":null}},"52":{"start":{"line":290,"column":0},"end":{"line":290,"column":null}},"53":{"start":{"line":293,"column":0},"end":{"line":293,"column":null}},"54":{"start":{"line":294,"column":0},"end":{"line":294,"column":null}},"55":{"start":{"line":295,"column":0},"end":{"line":295,"column":null}},"56":{"start":{"line":298,"column":0},"end":{"line":301,"column":null}},"57":{"start":{"line":299,"column":0},"end":{"line":299,"column":null}},"58":{"start":{"line":300,"column":0},"end":{"line":300,"column":null}},"59":{"start":{"line":302,"column":0},"end":{"line":305,"column":null}},"60":{"start":{"line":303,"column":0},"end":{"line":303,"column":null}},"61":{"start":{"line":304,"column":0},"end":{"line":304,"column":null}},"62":{"start":{"line":306,"column":0},"end":{"line":309,"column":null}},"63":{"start":{"line":307,"column":0},"end":{"line":307,"column":null}},"64":{"start":{"line":308,"column":0},"end":{"line":308,"column":null}},"65":{"start":{"line":310,"column":0},"end":{"line":310,"column":null}},"66":{"start":{"line":313,"column":0},"end":{"line":313,"column":null}},"67":{"start":{"line":314,"column":0},"end":{"line":314,"column":null}},"68":{"start":{"line":317,"column":0},"end":{"line":330,"column":null}},"69":{"start":{"line":318,"column":0},"end":{"line":318,"column":null}},"70":{"start":{"line":319,"column":0},"end":{"line":319,"column":null}},"71":{"start":{"line":320,"column":0},"end":{"line":320,"column":null}},"72":{"start":{"line":321,"column":0},"end":{"line":323,"column":null}},"73":{"start":{"line":322,"column":0},"end":{"line":322,"column":null}},"74":{"start":{"line":324,"column":0},"end":{"line":326,"column":null}},"75":{"start":{"line":325,"column":0},"end":{"line":325,"column":null}},"76":{"start":{"line":327,"column":0},"end":{"line":329,"column":null}},"77":{"start":{"line":328,"column":0},"end":{"line":328,"column":null}},"78":{"start":{"line":333,"column":0},"end":{"line":333,"column":null}},"79":{"start":{"line":335,"column":0},"end":{"line":340,"column":null}},"80":{"start":{"line":336,"column":0},"end":{"line":336,"column":null}},"81":{"start":{"line":341,"column":0},"end":{"line":341,"column":null}},"82":{"start":{"line":344,"column":0},"end":{"line":344,"column":null}},"83":{"start":{"line":345,"column":0},"end":{"line":345,"column":null}},"84":{"start":{"line":346,"column":0},"end":{"line":358,"column":null}},"85":{"start":{"line":347,"column":0},"end":{"line":347,"column":null}},"86":{"start":{"line":348,"column":0},"end":{"line":348,"column":null}},"87":{"start":{"line":349,"column":0},"end":{"line":349,"column":null}},"88":{"start":{"line":351,"column":0},"end":{"line":354,"column":null}},"89":{"start":{"line":352,"column":0},"end":{"line":352,"column":null}},"90":{"start":{"line":353,"column":0},"end":{"line":353,"column":null}},"91":{"start":{"line":355,"column":0},"end":{"line":355,"column":null}},"92":{"start":{"line":356,"column":0},"end":{"line":356,"column":null}},"93":{"start":{"line":357,"column":0},"end":{"line":357,"column":null}},"94":{"start":{"line":361,"column":0},"end":{"line":370,"column":null}},"95":{"start":{"line":361,"column":0},"end":{"line":361,"column":null}},"96":{"start":{"line":363,"column":0},"end":{"line":366,"column":null}},"97":{"start":{"line":364,"column":0},"end":{"line":364,"column":null}},"98":{"start":{"line":365,"column":0},"end":{"line":365,"column":null}},"99":{"start":{"line":367,"column":0},"end":{"line":367,"column":null}},"100":{"start":{"line":368,"column":0},"end":{"line":368,"column":null}},"101":{"start":{"line":369,"column":0},"end":{"line":369,"column":null}},"102":{"start":{"line":371,"column":0},"end":{"line":371,"column":null}},"103":{"start":{"line":374,"column":0},"end":{"line":374,"column":null}},"104":{"start":{"line":375,"column":0},"end":{"line":379,"column":null}},"105":{"start":{"line":377,"column":0},"end":{"line":377,"column":null}},"106":{"start":{"line":378,"column":0},"end":{"line":378,"column":null}},"107":{"start":{"line":380,"column":0},"end":{"line":380,"column":null}},"108":{"start":{"line":381,"column":0},"end":{"line":381,"column":null}},"109":{"start":{"line":384,"column":0},"end":{"line":384,"column":null}},"110":{"start":{"line":385,"column":0},"end":{"line":385,"column":null}},"111":{"start":{"line":388,"column":0},"end":{"line":388,"column":null}},"112":{"start":{"line":401,"column":0},"end":{"line":404,"column":null}},"113":{"start":{"line":402,"column":0},"end":{"line":402,"column":null}},"114":{"start":{"line":403,"column":0},"end":{"line":403,"column":null}},"115":{"start":{"line":407,"column":0},"end":{"line":407,"column":null}},"116":{"start":{"line":409,"column":0},"end":{"line":409,"column":null}},"117":{"start":{"line":410,"column":0},"end":{"line":410,"column":null}},"118":{"start":{"line":412,"column":0},"end":{"line":419,"column":null}},"119":{"start":{"line":413,"column":0},"end":{"line":413,"column":null}},"120":{"start":{"line":414,"column":0},"end":{"line":414,"column":null}},"121":{"start":{"line":417,"column":0},"end":{"line":417,"column":null}},"122":{"start":{"line":418,"column":0},"end":{"line":418,"column":null}},"123":{"start":{"line":421,"column":0},"end":{"line":421,"column":null}},"124":{"start":{"line":422,"column":0},"end":{"line":422,"column":null}},"125":{"start":{"line":424,"column":0},"end":{"line":424,"column":null}},"126":{"start":{"line":428,"column":0},"end":{"line":428,"column":null}},"127":{"start":{"line":429,"column":0},"end":{"line":429,"column":null}},"128":{"start":{"line":442,"column":0},"end":{"line":445,"column":null}},"129":{"start":{"line":444,"column":0},"end":{"line":444,"column":null}},"130":{"start":{"line":447,"column":0},"end":{"line":447,"column":null}},"131":{"start":{"line":450,"column":0},"end":{"line":450,"column":null}},"132":{"start":{"line":451,"column":0},"end":{"line":451,"column":null}},"133":{"start":{"line":452,"column":0},"end":{"line":452,"column":null}},"134":{"start":{"line":453,"column":0},"end":{"line":453,"column":null}},"135":{"start":{"line":456,"column":0},"end":{"line":456,"column":null}},"136":{"start":{"line":457,"column":0},"end":{"line":457,"column":null}},"137":{"start":{"line":460,"column":0},"end":{"line":460,"column":null}},"138":{"start":{"line":463,"column":0},"end":{"line":466,"column":null}},"139":{"start":{"line":464,"column":0},"end":{"line":464,"column":null}},"140":{"start":{"line":465,"column":0},"end":{"line":465,"column":null}},"141":{"start":{"line":468,"column":0},"end":{"line":468,"column":null}},"142":{"start":{"line":471,"column":0},"end":{"line":473,"column":null}},"143":{"start":{"line":472,"column":0},"end":{"line":472,"column":null}},"144":{"start":{"line":474,"column":0},"end":{"line":476,"column":null}},"145":{"start":{"line":475,"column":0},"end":{"line":475,"column":null}},"146":{"start":{"line":477,"column":0},"end":{"line":480,"column":null}},"147":{"start":{"line":478,"column":0},"end":{"line":478,"column":null}},"148":{"start":{"line":479,"column":0},"end":{"line":479,"column":null}},"149":{"start":{"line":482,"column":0},"end":{"line":485,"column":null}},"150":{"start":{"line":483,"column":0},"end":{"line":483,"column":null}},"151":{"start":{"line":484,"column":0},"end":{"line":484,"column":null}},"152":{"start":{"line":487,"column":0},"end":{"line":487,"column":null}},"153":{"start":{"line":500,"column":0},"end":{"line":502,"column":null}},"154":{"start":{"line":501,"column":0},"end":{"line":501,"column":null}}},"fnMap":{"0":{"name":"(anonymous_1)","decl":{"start":{"line":164,"column":0},"end":{"line":164,"column":null}},"loc":{"start":{"line":164,"column":0},"end":{"line":184,"column":null}}},"1":{"name":"(anonymous_2)","decl":{"start":{"line":185,"column":0},"end":{"line":185,"column":null}},"loc":{"start":{"line":185,"column":0},"end":{"line":187,"column":null}}},"2":{"name":"(anonymous_3)","decl":{"start":{"line":189,"column":0},"end":{"line":189,"column":null}},"loc":{"start":{"line":189,"column":0},"end":{"line":204,"column":null}}},"3":{"name":"(anonymous_4)","decl":{"start":{"line":205,"column":0},"end":{"line":205,"column":null}},"loc":{"start":{"line":205,"column":0},"end":{"line":207,"column":null}}},"4":{"name":"(anonymous_5)","decl":{"start":{"line":208,"column":0},"end":{"line":208,"column":null}},"loc":{"start":{"line":208,"column":0},"end":{"line":215,"column":null}}},"5":{"name":"(anonymous_6)","decl":{"start":{"line":216,"column":0},"end":{"line":216,"column":null}},"loc":{"start":{"line":216,"column":0},"end":{"line":237,"column":null}}},"6":{"name":"(anonymous_7)","decl":{"start":{"line":238,"column":0},"end":{"line":238,"column":null}},"loc":{"start":{"line":238,"column":0},"end":{"line":277,"column":null}}},"7":{"name":"(anonymous_8)","decl":{"start":{"line":273,"column":0},"end":{"line":273,"column":null}},"loc":{"start":{"line":273,"column":0},"end":{"line":276,"column":null}}},"8":{"name":"(anonymous_9)","decl":{"start":{"line":278,"column":0},"end":{"line":278,"column":null}},"loc":{"start":{"line":278,"column":0},"end":{"line":281,"column":null}}},"9":{"name":"(anonymous_10)","decl":{"start":{"line":282,"column":0},"end":{"line":282,"column":null}},"loc":{"start":{"line":282,"column":0},"end":{"line":286,"column":null}}},"10":{"name":"(anonymous_11)","decl":{"start":{"line":287,"column":0},"end":{"line":287,"column":null}},"loc":{"start":{"line":287,"column":0},"end":{"line":291,"column":null}}},"11":{"name":"(anonymous_12)","decl":{"start":{"line":292,"column":0},"end":{"line":292,"column":null}},"loc":{"start":{"line":292,"column":0},"end":{"line":296,"column":null}}},"12":{"name":"(anonymous_13)","decl":{"start":{"line":297,"column":0},"end":{"line":297,"column":null}},"loc":{"start":{"line":297,"column":0},"end":{"line":311,"column":null}}},"13":{"name":"(anonymous_14)","decl":{"start":{"line":312,"column":0},"end":{"line":312,"column":null}},"loc":{"start":{"line":312,"column":0},"end":{"line":315,"column":null}}},"14":{"name":"(anonymous_15)","decl":{"start":{"line":316,"column":0},"end":{"line":316,"column":null}},"loc":{"start":{"line":316,"column":0},"end":{"line":331,"column":null}}},"15":{"name":"(anonymous_16)","decl":{"start":{"line":317,"column":0},"end":{"line":317,"column":null}},"loc":{"start":{"line":317,"column":0},"end":{"line":330,"column":null}}},"16":{"name":"(anonymous_17)","decl":{"start":{"line":321,"column":0},"end":{"line":321,"column":null}},"loc":{"start":{"line":321,"column":0},"end":{"line":323,"column":null}}},"17":{"name":"(anonymous_18)","decl":{"start":{"line":324,"column":0},"end":{"line":324,"column":null}},"loc":{"start":{"line":324,"column":0},"end":{"line":326,"column":null}}},"18":{"name":"(anonymous_19)","decl":{"start":{"line":327,"column":0},"end":{"line":327,"column":null}},"loc":{"start":{"line":327,"column":0},"end":{"line":329,"column":null}}},"19":{"name":"(anonymous_20)","decl":{"start":{"line":332,"column":0},"end":{"line":332,"column":null}},"loc":{"start":{"line":332,"column":0},"end":{"line":342,"column":null}}},"20":{"name":"(anonymous_21)","decl":{"start":{"line":335,"column":0},"end":{"line":335,"column":null}},"loc":{"start":{"line":335,"column":0},"end":{"line":340,"column":null}}},"21":{"name":"(anonymous_22)","decl":{"start":{"line":343,"column":0},"end":{"line":343,"column":null}},"loc":{"start":{"line":343,"column":0},"end":{"line":359,"column":null}}},"22":{"name":"(anonymous_23)","decl":{"start":{"line":360,"column":0},"end":{"line":360,"column":null}},"loc":{"start":{"line":360,"column":0},"end":{"line":372,"column":null}}},"23":{"name":"(anonymous_24)","decl":{"start":{"line":373,"column":0},"end":{"line":373,"column":null}},"loc":{"start":{"line":373,"column":0},"end":{"line":382,"column":null}}},"24":{"name":"(anonymous_25)","decl":{"start":{"line":383,"column":0},"end":{"line":383,"column":null}},"loc":{"start":{"line":383,"column":0},"end":{"line":386,"column":null}}},"25":{"name":"(anonymous_26)","decl":{"start":{"line":387,"column":0},"end":{"line":387,"column":null}},"loc":{"start":{"line":387,"column":0},"end":{"line":405,"column":null}}},"26":{"name":"(anonymous_27)","decl":{"start":{"line":401,"column":0},"end":{"line":401,"column":null}},"loc":{"start":{"line":401,"column":0},"end":{"line":404,"column":null}}},"27":{"name":"(anonymous_28)","decl":{"start":{"line":406,"column":0},"end":{"line":406,"column":null}},"loc":{"start":{"line":406,"column":0},"end":{"line":426,"column":null}}},"28":{"name":"(anonymous_29)","decl":{"start":{"line":427,"column":0},"end":{"line":427,"column":null}},"loc":{"start":{"line":427,"column":0},"end":{"line":448,"column":null}}},"29":{"name":"(anonymous_30)","decl":{"start":{"line":442,"column":0},"end":{"line":442,"column":null}},"loc":{"start":{"line":442,"column":0},"end":{"line":445,"column":null}}},"30":{"name":"(anonymous_31)","decl":{"start":{"line":449,"column":0},"end":{"line":449,"column":null}},"loc":{"start":{"line":449,"column":0},"end":{"line":454,"column":null}}},"31":{"name":"(anonymous_32)","decl":{"start":{"line":452,"column":0},"end":{"line":452,"column":null}},"loc":{"start":{"line":452,"column":0},"end":{"line":452,"column":null}}},"32":{"name":"(anonymous_33)","decl":{"start":{"line":455,"column":0},"end":{"line":455,"column":null}},"loc":{"start":{"line":455,"column":0},"end":{"line":458,"column":null}}},"33":{"name":"(anonymous_34)","decl":{"start":{"line":459,"column":0},"end":{"line":459,"column":null}},"loc":{"start":{"line":459,"column":0},"end":{"line":461,"column":null}}},"34":{"name":"(anonymous_35)","decl":{"start":{"line":462,"column":0},"end":{"line":462,"column":null}},"loc":{"start":{"line":462,"column":0},"end":{"line":469,"column":null}}},"35":{"name":"(anonymous_36)","decl":{"start":{"line":470,"column":0},"end":{"line":470,"column":null}},"loc":{"start":{"line":470,"column":0},"end":{"line":503,"column":null}}},"36":{"name":"(anonymous_37)","decl":{"start":{"line":500,"column":0},"end":{"line":500,"column":null}},"loc":{"start":{"line":500,"column":0},"end":{"line":502,"column":null}}}},"branchMap":{"0":{"loc":{"start":{"line":209,"column":0},"end":{"line":209,"column":null}},"type":"if","locations":[{"start":{"line":209,"column":0},"end":{"line":209,"column":null}},{"start":{"line":209,"column":0},"end":{"line":209,"column":null}}]},"1":{"loc":{"start":{"line":240,"column":0},"end":{"line":243,"column":null}},"type":"if","locations":[{"start":{"line":240,"column":0},"end":{"line":243,"column":null}},{"start":{"line":240,"column":0},"end":{"line":243,"column":null}}]},"2":{"loc":{"start":{"line":245,"column":0},"end":{"line":248,"column":null}},"type":"if","locations":[{"start":{"line":245,"column":0},"end":{"line":248,"column":null}},{"start":{"line":245,"column":0},"end":{"line":248,"column":null}}]},"3":{"loc":{"start":{"line":245,"column":0},"end":{"line":245,"column":null}},"type":"binary-expr","locations":[{"start":{"line":245,"column":0},"end":{"line":245,"column":null}},{"start":{"line":245,"column":0},"end":{"line":245,"column":null}}]},"4":{"loc":{"start":{"line":298,"column":0},"end":{"line":301,"column":null}},"type":"if","locations":[{"start":{"line":298,"column":0},"end":{"line":301,"column":null}},{"start":{"line":298,"column":0},"end":{"line":301,"column":null}}]},"5":{"loc":{"start":{"line":302,"column":0},"end":{"line":305,"column":null}},"type":"if","locations":[{"start":{"line":302,"column":0},"end":{"line":305,"column":null}},{"start":{"line":302,"column":0},"end":{"line":305,"column":null}}]},"6":{"loc":{"start":{"line":306,"column":0},"end":{"line":309,"column":null}},"type":"if","locations":[{"start":{"line":306,"column":0},"end":{"line":309,"column":null}},{"start":{"line":306,"column":0},"end":{"line":309,"column":null}}]},"7":{"loc":{"start":{"line":333,"column":0},"end":{"line":333,"column":null}},"type":"if","locations":[{"start":{"line":333,"column":0},"end":{"line":333,"column":null}},{"start":{"line":333,"column":0},"end":{"line":333,"column":null}}]},"8":{"loc":{"start":{"line":346,"column":0},"end":{"line":358,"column":null}},"type":"if","locations":[{"start":{"line":346,"column":0},"end":{"line":358,"column":null}},{"start":{"line":346,"column":0},"end":{"line":358,"column":null}}]},"9":{"loc":{"start":{"line":351,"column":0},"end":{"line":354,"column":null}},"type":"if","locations":[{"start":{"line":351,"column":0},"end":{"line":354,"column":null}},{"start":{"line":351,"column":0},"end":{"line":354,"column":null}}]},"10":{"loc":{"start":{"line":361,"column":0},"end":{"line":370,"column":null}},"type":"if","locations":[{"start":{"line":361,"column":0},"end":{"line":370,"column":null}},{"start":{"line":361,"column":0},"end":{"line":370,"column":null}}]},"11":{"loc":{"start":{"line":363,"column":0},"end":{"line":366,"column":null}},"type":"if","locations":[{"start":{"line":363,"column":0},"end":{"line":366,"column":null}},{"start":{"line":363,"column":0},"end":{"line":366,"column":null}}]},"12":{"loc":{"start":{"line":375,"column":0},"end":{"line":379,"column":null}},"type":"if","locations":[{"start":{"line":375,"column":0},"end":{"line":379,"column":null}},{"start":{"line":375,"column":0},"end":{"line":379,"column":null}}]},"13":{"loc":{"start":{"line":408,"column":0},"end":{"line":410,"column":null}},"type":"switch","locations":[{"start":{"line":408,"column":0},"end":{"line":410,"column":null}},{"start":{"line":411,"column":0},"end":{"line":419,"column":null}},{"start":{"line":420,"column":0},"end":{"line":422,"column":null}},{"start":{"line":423,"column":0},"end":{"line":424,"column":null}}]},"14":{"loc":{"start":{"line":412,"column":0},"end":{"line":419,"column":null}},"type":"if","locations":[{"start":{"line":412,"column":0},"end":{"line":419,"column":null}},{"start":{"line":412,"column":0},"end":{"line":419,"column":null}}]},"15":{"loc":{"start":{"line":450,"column":0},"end":{"line":450,"column":null}},"type":"cond-expr","locations":[{"start":{"line":450,"column":0},"end":{"line":450,"column":null}},{"start":{"line":450,"column":0},"end":{"line":450,"column":null}}]},"16":{"loc":{"start":{"line":460,"column":0},"end":{"line":460,"column":null}},"type":"cond-expr","locations":[{"start":{"line":460,"column":0},"end":{"line":460,"column":null}},{"start":{"line":460,"column":0},"end":{"line":460,"column":null}}]},"17":{"loc":{"start":{"line":463,"column":0},"end":{"line":466,"column":null}},"type":"if","locations":[{"start":{"line":463,"column":0},"end":{"line":466,"column":null}},{"start":{"line":463,"column":0},"end":{"line":466,"column":null}}]},"18":{"loc":{"start":{"line":471,"column":0},"end":{"line":473,"column":null}},"type":"if","locations":[{"start":{"line":471,"column":0},"end":{"line":473,"column":null}},{"start":{"line":471,"column":0},"end":{"line":473,"column":null}}]},"19":{"loc":{"start":{"line":474,"column":0},"end":{"line":476,"column":null}},"type":"if","locations":[{"start":{"line":474,"column":0},"end":{"line":476,"column":null}},{"start":{"line":474,"column":0},"end":{"line":476,"column":null}}]},"20":{"loc":{"start":{"line":477,"column":0},"end":{"line":480,"column":null}},"type":"if","locations":[{"start":{"line":477,"column":0},"end":{"line":480,"column":null}},{"start":{"line":477,"column":0},"end":{"line":480,"column":null}}]},"21":{"loc":{"start":{"line":482,"column":0},"end":{"line":485,"column":null}},"type":"if","locations":[{"start":{"line":482,"column":0},"end":{"line":485,"column":null}},{"start":{"line":482,"column":0},"end":{"line":485,"column":null}}]},"22":{"loc":{"start":{"line":482,"column":0},"end":{"line":482,"column":null}},"type":"binary-expr","locations":[{"start":{"line":482,"column":0},"end":{"line":482,"column":null}},{"start":{"line":482,"column":0},"end":{"line":482,"column":null}}]}},"s":{"0":1,"1":1,"2":2,"3":2,"4":1,"5":1,"6":1,"7":1,"8":1,"9":1,"10":1,"11":1,"12":1,"13":1,"14":1,"15":1,"16":1,"17":1,"18":3,"19":8,"20":1,"21":1,"22":1,"23":1,"24":1,"25":1,"26":1,"27":1,"28":1,"29":1,"30":1,"31":1,"32":1,"33":1,"34":3,"35":3,"36":1,"37":1,"38":2,"39":1,"40":1,"41":1,"42":1,"43":1,"44":1,"45":1,"46":1,"47":1,"48":1,"49":1,"50":1,"51":1,"52":1,"53":1,"54":1,"55":1,"56":4,"57":1,"58":1,"59":3,"60":1,"61":1,"62":2,"63":1,"64":1,"65":1,"66":1,"67":1,"68":3,"69":3,"70":3,"71":3,"72":0,"73":0,"74":0,"75":0,"76":0,"77":0,"78":4,"79":3,"80":0,"81":3,"82":3,"83":3,"84":3,"85":1,"86":1,"87":1,"88":2,"89":1,"90":1,"91":1,"92":1,"93":1,"94":3,"95":1,"96":2,"97":1,"98":1,"99":1,"100":1,"101":1,"102":1,"103":2,"104":2,"105":1,"106":1,"107":2,"108":2,"109":5,"110":5,"111":2,"112":2,"113":2,"114":2,"115":6,"116":0,"117":0,"118":3,"119":1,"120":1,"121":2,"122":2,"123":1,"124":1,"125":2,"126":2,"127":2,"128":2,"129":2,"130":2,"131":1,"132":1,"133":1,"134":1,"135":1,"136":1,"137":3,"138":2,"139":1,"140":1,"141":2,"142":3,"143":2,"144":3,"145":1,"146":3,"147":1,"148":1,"149":2,"150":1,"151":1,"152":1,"153":1,"154":1},"f":{"0":2,"1":2,"2":1,"3":3,"4":3,"5":1,"6":3,"7":1,"8":1,"9":1,"10":1,"11":1,"12":4,"13":1,"14":3,"15":3,"16":0,"17":0,"18":0,"19":3,"20":0,"21":3,"22":3,"23":2,"24":5,"25":2,"26":2,"27":6,"28":2,"29":2,"30":1,"31":0,"32":1,"33":3,"34":2,"35":3,"36":1},"b":{"0":[2,3],"1":[1,2],"2":[1,1],"3":[2,1],"4":[1,3],"5":[1,2],"6":[1,1],"7":[1,2],"8":[1,2],"9":[1,1],"10":[1,2],"11":[1,1],"12":[1,1],"13":[0,3,1,2],"14":[1,2],"15":[1,0],"16":[1,2],"17":[1,1],"18":[2,1],"19":[1,2],"20":[1,2],"21":[1,1],"22":[2,1]}}
,"/Users/user/Desktop/web2.0/WeIns_F/src/components/signinForm.vue": {"path":"/Users/user/Desktop/web2.0/WeIns_F/src/components/signinForm.vue","statementMap":{"0":{"start":{"line":50,"column":0},"end":{"line":50,"column":null}},"1":{"start":{"line":53,"column":0},"end":{"line":53,"column":null}},"2":{"start":{"line":65,"column":0},"end":{"line":65,"column":null}},"3":{"start":{"line":70,"column":0},"end":{"line":70,"column":null}},"4":{"start":{"line":71,"column":0},"end":{"line":71,"column":null}},"5":{"start":{"line":74,"column":0},"end":{"line":185,"column":null}},"6":{"start":{"line":75,"column":0},"end":{"line":75,"column":null}},"7":{"start":{"line":76,"column":0},"end":{"line":87,"column":null}},"8":{"start":{"line":77,"column":0},"end":{"line":77,"column":null}},"9":{"start":{"line":78,"column":0},"end":{"line":78,"column":null}},"10":{"start":{"line":79,"column":0},"end":{"line":79,"column":null}},"11":{"start":{"line":81,"column":0},"end":{"line":81,"column":null}},"12":{"start":{"line":82,"column":0},"end":{"line":86,"column":null}},"13":{"start":{"line":83,"column":0},"end":{"line":83,"column":null}},"14":{"start":{"line":84,"column":0},"end":{"line":84,"column":null}},"15":{"start":{"line":85,"column":0},"end":{"line":85,"column":null}},"16":{"start":{"line":89,"column":0},"end":{"line":89,"column":null}},"17":{"start":{"line":90,"column":0},"end":{"line":100,"column":null}},"18":{"start":{"line":91,"column":0},"end":{"line":91,"column":null}},"19":{"start":{"line":93,"column":0},"end":{"line":93,"column":null}},"20":{"start":{"line":94,"column":0},"end":{"line":94,"column":null}},"21":{"start":{"line":95,"column":0},"end":{"line":100,"column":null}},"22":{"start":{"line":96,"column":0},"end":{"line":96,"column":null}},"23":{"start":{"line":98,"column":0},"end":{"line":98,"column":null}},"24":{"start":{"line":99,"column":0},"end":{"line":99,"column":null}},"25":{"start":{"line":102,"column":0},"end":{"line":102,"column":null}},"26":{"start":{"line":104,"column":0},"end":{"line":104,"column":null}},"27":{"start":{"line":181,"column":0},"end":{"line":184,"column":null}},"28":{"start":{"line":182,"column":0},"end":{"line":182,"column":null}},"29":{"start":{"line":183,"column":0},"end":{"line":183,"column":null}},"30":{"start":{"line":187,"column":0},"end":{"line":187,"column":null}},"31":{"start":{"line":191,"column":0},"end":{"line":191,"column":null}},"32":{"start":{"line":192,"column":0},"end":{"line":192,"column":null}}},"fnMap":{"0":{"name":"(anonymous_1)","decl":{"start":{"line":52,"column":0},"end":{"line":52,"column":null}},"loc":{"start":{"line":52,"column":0},"end":{"line":63,"column":null}}},"1":{"name":"(anonymous_2)","decl":{"start":{"line":64,"column":0},"end":{"line":64,"column":null}},"loc":{"start":{"line":64,"column":0},"end":{"line":67,"column":null}}},"2":{"name":"(anonymous_3)","decl":{"start":{"line":69,"column":0},"end":{"line":69,"column":null}},"loc":{"start":{"line":69,"column":0},"end":{"line":72,"column":null}}},"3":{"name":"(anonymous_4)","decl":{"start":{"line":73,"column":0},"end":{"line":73,"column":null}},"loc":{"start":{"line":73,"column":0},"end":{"line":188,"column":null}}},"4":{"name":"(anonymous_5)","decl":{"start":{"line":181,"column":0},"end":{"line":181,"column":null}},"loc":{"start":{"line":181,"column":0},"end":{"line":184,"column":null}}},"5":{"name":"(anonymous_6)","decl":{"start":{"line":190,"column":0},"end":{"line":190,"column":null}},"loc":{"start":{"line":190,"column":0},"end":{"line":193,"column":null}}}},"branchMap":{"0":{"loc":{"start":{"line":65,"column":0},"end":{"line":65,"column":null}},"type":"if","locations":[{"start":{"line":65,"column":0},"end":{"line":65,"column":null}},{"start":{"line":65,"column":0},"end":{"line":65,"column":null}}]},"1":{"loc":{"start":{"line":74,"column":0},"end":{"line":185,"column":null}},"type":"if","locations":[{"start":{"line":74,"column":0},"end":{"line":185,"column":null}},{"start":{"line":74,"column":0},"end":{"line":185,"column":null}}]},"2":{"loc":{"start":{"line":76,"column":0},"end":{"line":87,"column":null}},"type":"if","locations":[{"start":{"line":76,"column":0},"end":{"line":87,"column":null}},{"start":{"line":76,"column":0},"end":{"line":87,"column":null}}]},"3":{"loc":{"start":{"line":82,"column":0},"end":{"line":86,"column":null}},"type":"if","locations":[{"start":{"line":82,"column":0},"end":{"line":86,"column":null}},{"start":{"line":82,"column":0},"end":{"line":86,"column":null}}]},"4":{"loc":{"start":{"line":90,"column":0},"end":{"line":100,"column":null}},"type":"if","locations":[{"start":{"line":90,"column":0},"end":{"line":100,"column":null}},{"start":{"line":90,"column":0},"end":{"line":100,"column":null}}]},"5":{"loc":{"start":{"line":95,"column":0},"end":{"line":100,"column":null}},"type":"if","locations":[{"start":{"line":95,"column":0},"end":{"line":100,"column":null}},{"start":{"line":95,"column":0},"end":{"line":100,"column":null}}]},"6":{"loc":{"start":{"line":95,"column":0},"end":{"line":95,"column":null}},"type":"binary-expr","locations":[{"start":{"line":95,"column":0},"end":{"line":95,"column":null}},{"start":{"line":95,"column":0},"end":{"line":95,"column":null}}]}},"s":{"0":2,"1":3,"2":3,"3":1,"4":1,"5":8,"6":7,"7":7,"8":2,"9":2,"10":2,"11":5,"12":5,"13":1,"14":1,"15":1,"16":4,"17":4,"18":1,"19":1,"20":1,"21":3,"22":1,"23":1,"24":1,"25":2,"26":2,"27":2,"28":2,"29":2,"30":1,"31":1,"32":1},"f":{"0":3,"1":3,"2":1,"3":8,"4":2,"5":1},"b":{"0":[0,3],"1":[7,1],"2":[2,5],"3":[1,4],"4":[1,3],"5":[1,2],"6":[3,2]}}
,"/Users/user/Desktop/web2.0/WeIns_F/src/components/topnav.vue": {"path":"/Users/user/Desktop/web2.0/WeIns_F/src/components/topnav.vue","statementMap":{"0":{"start":{"line":89,"column":0},"end":{"line":89,"column":null}},"1":{"start":{"line":90,"column":0},"end":{"line":90,"column":null}},"2":{"start":{"line":95,"column":0},"end":{"line":95,"column":null}},"3":{"start":{"line":107,"column":0},"end":{"line":115,"column":null}},"4":{"start":{"line":117,"column":0},"end":{"line":121,"column":null}},"5":{"start":{"line":126,"column":0},"end":{"line":129,"column":null}},"6":{"start":{"line":127,"column":0},"end":{"line":127,"column":null}},"7":{"start":{"line":128,"column":0},"end":{"line":128,"column":null}},"8":{"start":{"line":131,"column":0},"end":{"line":131,"column":null}},"9":{"start":{"line":132,"column":0},"end":{"line":132,"column":null}},"10":{"start":{"line":133,"column":0},"end":{"line":133,"column":null}},"11":{"start":{"line":135,"column":0},"end":{"line":135,"column":null}},"12":{"start":{"line":136,"column":0},"end":{"line":136,"column":null}},"13":{"start":{"line":137,"column":0},"end":{"line":137,"column":null}},"14":{"start":{"line":140,"column":0},"end":{"line":140,"column":null}},"15":{"start":{"line":155,"column":0},"end":{"line":158,"column":null}},"16":{"start":{"line":156,"column":0},"end":{"line":156,"column":null}},"17":{"start":{"line":157,"column":0},"end":{"line":157,"column":null}},"18":{"start":{"line":161,"column":0},"end":{"line":161,"column":null}},"19":{"start":{"line":175,"column":0},"end":{"line":178,"column":null}},"20":{"start":{"line":176,"column":0},"end":{"line":176,"column":null}},"21":{"start":{"line":177,"column":0},"end":{"line":177,"column":null}},"22":{"start":{"line":181,"column":0},"end":{"line":181,"column":null}},"23":{"start":{"line":182,"column":0},"end":{"line":185,"column":null}},"24":{"start":{"line":183,"column":0},"end":{"line":183,"column":null}},"25":{"start":{"line":184,"column":0},"end":{"line":184,"column":null}},"26":{"start":{"line":187,"column":0},"end":{"line":187,"column":null}},"27":{"start":{"line":188,"column":0},"end":{"line":188,"column":null}},"28":{"start":{"line":189,"column":0},"end":{"line":189,"column":null}},"29":{"start":{"line":192,"column":0},"end":{"line":195,"column":null}},"30":{"start":{"line":193,"column":0},"end":{"line":193,"column":null}},"31":{"start":{"line":194,"column":0},"end":{"line":194,"column":null}},"32":{"start":{"line":196,"column":0},"end":{"line":196,"column":null}},"33":{"start":{"line":197,"column":0},"end":{"line":227,"column":null}},"34":{"start":{"line":198,"column":0},"end":{"line":202,"column":null}},"35":{"start":{"line":200,"column":0},"end":{"line":200,"column":null}},"36":{"start":{"line":201,"column":0},"end":{"line":201,"column":null}},"37":{"start":{"line":204,"column":0},"end":{"line":204,"column":null}},"38":{"start":{"line":210,"column":0},"end":{"line":210,"column":null}},"39":{"start":{"line":214,"column":0},"end":{"line":214,"column":null}},"40":{"start":{"line":215,"column":0},"end":{"line":223,"column":null}},"41":{"start":{"line":216,"column":0},"end":{"line":216,"column":null}},"42":{"start":{"line":222,"column":0},"end":{"line":222,"column":null}},"43":{"start":{"line":223,"column":0},"end":{"line":223,"column":null}},"44":{"start":{"line":229,"column":0},"end":{"line":229,"column":null}},"45":{"start":{"line":232,"column":0},"end":{"line":232,"column":null}},"46":{"start":{"line":234,"column":0},"end":{"line":234,"column":null}},"47":{"start":{"line":235,"column":0},"end":{"line":235,"column":null}},"48":{"start":{"line":237,"column":0},"end":{"line":237,"column":null}},"49":{"start":{"line":238,"column":0},"end":{"line":238,"column":null}},"50":{"start":{"line":241,"column":0},"end":{"line":241,"column":null}},"51":{"start":{"line":242,"column":0},"end":{"line":242,"column":null}},"52":{"start":{"line":243,"column":0},"end":{"line":243,"column":null}},"53":{"start":{"line":244,"column":0},"end":{"line":244,"column":null}},"54":{"start":{"line":246,"column":0},"end":{"line":246,"column":null}}},"fnMap":{"0":{"name":"(anonymous_1)","decl":{"start":{"line":94,"column":0},"end":{"line":94,"column":null}},"loc":{"start":{"line":94,"column":0},"end":{"line":104,"column":null}}},"1":{"name":"(anonymous_2)","decl":{"start":{"line":105,"column":0},"end":{"line":105,"column":null}},"loc":{"start":{"line":105,"column":0},"end":{"line":123,"column":null}}},"2":{"name":"(anonymous_3)","decl":{"start":{"line":125,"column":0},"end":{"line":125,"column":null}},"loc":{"start":{"line":125,"column":0},"end":{"line":138,"column":null}}},"3":{"name":"(anonymous_4)","decl":{"start":{"line":139,"column":0},"end":{"line":139,"column":null}},"loc":{"start":{"line":139,"column":0},"end":{"line":159,"column":null}}},"4":{"name":"(anonymous_5)","decl":{"start":{"line":155,"column":0},"end":{"line":155,"column":null}},"loc":{"start":{"line":155,"column":0},"end":{"line":158,"column":null}}},"5":{"name":"(anonymous_6)","decl":{"start":{"line":160,"column":0},"end":{"line":160,"column":null}},"loc":{"start":{"line":160,"column":0},"end":{"line":179,"column":null}}},"6":{"name":"(anonymous_7)","decl":{"start":{"line":175,"column":0},"end":{"line":175,"column":null}},"loc":{"start":{"line":175,"column":0},"end":{"line":178,"column":null}}},"7":{"name":"(anonymous_8)","decl":{"start":{"line":180,"column":0},"end":{"line":180,"column":null}},"loc":{"start":{"line":180,"column":0},"end":{"line":190,"column":null}}},"8":{"name":"(anonymous_9)","decl":{"start":{"line":188,"column":0},"end":{"line":188,"column":null}},"loc":{"start":{"line":188,"column":0},"end":{"line":188,"column":null}}},"9":{"name":"(anonymous_10)","decl":{"start":{"line":191,"column":0},"end":{"line":191,"column":null}},"loc":{"start":{"line":191,"column":0},"end":{"line":230,"column":null}}},"10":{"name":"(anonymous_11)","decl":{"start":{"line":231,"column":0},"end":{"line":231,"column":null}},"loc":{"start":{"line":231,"column":0},"end":{"line":248,"column":null}}}},"branchMap":{"0":{"loc":{"start":{"line":126,"column":0},"end":{"line":129,"column":null}},"type":"if","locations":[{"start":{"line":126,"column":0},"end":{"line":129,"column":null}},{"start":{"line":126,"column":0},"end":{"line":129,"column":null}}]},"1":{"loc":{"start":{"line":182,"column":0},"end":{"line":185,"column":null}},"type":"if","locations":[{"start":{"line":182,"column":0},"end":{"line":185,"column":null}},{"start":{"line":182,"column":0},"end":{"line":185,"column":null}}]},"2":{"loc":{"start":{"line":192,"column":0},"end":{"line":195,"column":null}},"type":"if","locations":[{"start":{"line":192,"column":0},"end":{"line":195,"column":null}},{"start":{"line":192,"column":0},"end":{"line":195,"column":null}}]},"3":{"loc":{"start":{"line":196,"column":0},"end":{"line":196,"column":null}},"type":"if","locations":[{"start":{"line":196,"column":0},"end":{"line":196,"column":null}},{"start":{"line":196,"column":0},"end":{"line":196,"column":null}}]},"4":{"loc":{"start":{"line":197,"column":0},"end":{"line":227,"column":null}},"type":"if","locations":[{"start":{"line":197,"column":0},"end":{"line":227,"column":null}},{"start":{"line":197,"column":0},"end":{"line":227,"column":null}}]},"5":{"loc":{"start":{"line":198,"column":0},"end":{"line":202,"column":null}},"type":"if","locations":[{"start":{"line":198,"column":0},"end":{"line":202,"column":null}},{"start":{"line":198,"column":0},"end":{"line":202,"column":null}}]},"6":{"loc":{"start":{"line":198,"column":0},"end":{"line":198,"column":null}},"type":"binary-expr","locations":[{"start":{"line":198,"column":0},"end":{"line":198,"column":null}},{"start":{"line":198,"column":0},"end":{"line":198,"column":null}}]},"7":{"loc":{"start":{"line":215,"column":0},"end":{"line":223,"column":null}},"type":"if","locations":[{"start":{"line":215,"column":0},"end":{"line":223,"column":null}},{"start":{"line":215,"column":0},"end":{"line":223,"column":null}}]},"8":{"loc":{"start":{"line":233,"column":0},"end":{"line":235,"column":null}},"type":"switch","locations":[{"start":{"line":233,"column":0},"end":{"line":235,"column":null}},{"start":{"line":236,"column":0},"end":{"line":238,"column":null}},{"start":{"line":239,"column":0},"end":{"line":244,"column":null}},{"start":{"line":245,"column":0},"end":{"line":246,"column":null}}]}},"s":{"0":1,"1":1,"2":2,"3":2,"4":2,"5":2,"6":1,"7":1,"8":1,"9":1,"10":1,"11":1,"12":1,"13":1,"14":1,"15":1,"16":1,"17":1,"18":1,"19":1,"20":1,"21":1,"22":2,"23":2,"24":1,"25":1,"26":2,"27":2,"28":2,"29":4,"30":2,"31":2,"32":6,"33":4,"34":2,"35":1,"36":1,"37":1,"38":1,"39":2,"40":2,"41":1,"42":1,"43":1,"44":1,"45":4,"46":1,"47":1,"48":1,"49":1,"50":1,"51":1,"52":1,"53":1,"54":1},"f":{"0":2,"1":2,"2":2,"3":1,"4":1,"5":1,"6":1,"7":2,"8":0,"9":4,"10":4},"b":{"0":[1,1],"1":[1,1],"2":[2,2],"3":[2,2],"4":[2,2],"5":[1,1],"6":[2,1],"7":[1,1],"8":[1,1,1,1]}}
}
