TN:
SF:/Users/user/Desktop/web2.0/WeIns_F/src/components/information.vue
FN:128,(anonymous_1)
FN:159,(anonymous_2)
FN:163,(anonymous_3)
FN:175,(anonymous_4)
FN:189,(anonymous_5)
FN:196,(anonymous_6)
FN:208,(anonymous_7)
FN:213,(anonymous_8)
FN:241,(anonymous_9)
FN:290,(anonymous_10)
FN:294,(anonymous_11)
FN:312,(anonymous_12)
FNF:12
FNH:12
FNDA:1,(anonymous_1)
FNDA:1,(anonymous_2)
FNDA:7,(anonymous_3)
FNDA:3,(anonymous_4)
FNDA:2,(anonymous_5)
FNDA:1,(anonymous_6)
FNDA:2,(anonymous_7)
FNDA:1,(anonymous_8)
FNDA:6,(anonymous_9)
FNDA:3,(anonymous_10)
FNDA:3,(anonymous_11)
FNDA:3,(anonymous_12)
DA:125,1
DA:129,1
DA:160,1
DA:164,7
DA:166,1
DA:168,1
DA:170,2
DA:172,3
DA:176,3
DA:177,1
DA:178,1
DA:181,2
DA:182,1
DA:183,1
DA:186,1
DA:187,1
DA:190,2
DA:191,2
DA:197,1
DA:198,2
DA:200,1
DA:201,1
DA:203,1
DA:206,1
DA:209,2
DA:210,2
DA:211,2
DA:214,1
DA:215,1
DA:216,1
DA:217,1
DA:218,1
DA:219,1
DA:220,1
DA:221,1
DA:232,1
DA:242,6
DA:243,2
DA:244,2
DA:245,1
DA:246,1
DA:248,1
DA:249,1
DA:250,1
DA:252,5
DA:253,5
DA:255,5
DA:256,1
DA:257,1
DA:259,4
DA:260,4
DA:261,1
DA:262,1
DA:290,3
DA:291,3
DA:295,3
DA:296,3
DA:298,1
DA:301,1
DA:302,1
DA:303,1
DA:305,1
DA:306,1
DA:307,1
DA:308,1
DA:309,1
DA:313,3
DA:314,3
DA:317,1
DA:318,1
DA:319,1
DA:321,1
DA:322,1
DA:323,1
LF:74
LH:74
BRDA:165,0,0,1
BRDA:165,0,1,1
BRDA:165,0,2,2
BRDA:165,0,3,3
BRDA:176,1,0,1
BRDA:176,1,1,2
BRDA:181,2,0,1
BRDA:181,2,1,1
BRDA:191,3,0,2
BRDA:191,3,1,2
BRDA:191,3,2,1
BRDA:191,3,3,0
BRDA:191,3,4,0
BRDA:198,4,0,1
BRDA:198,4,1,0
BRDA:203,5,0,0
BRDA:203,5,1,1
BRDA:220,6,0,1
BRDA:220,6,1,0
BRDA:242,7,0,2
BRDA:242,7,1,4
BRDA:244,8,0,1
BRDA:244,8,1,1
BRDA:255,9,0,1
BRDA:255,9,1,4
BRDA:260,10,0,1
BRDA:260,10,1,3
BRDA:295,11,0,2
BRDA:295,11,1,1
BRDA:296,12,0,3
BRDA:296,12,1,3
BRDA:298,13,0,0
BRDA:298,13,1,1
BRDA:313,14,0,2
BRDA:313,14,1,1
BRDA:314,15,0,3
BRDA:314,15,1,3
BRF:37
BRH:31
end_of_record
TN:
SF:/Users/user/Desktop/web2.0/WeIns_F/src/components/personalcard.vue
FN:40,(anonymous_1)
FN:57,(anonymous_2)
FN:61,(anonymous_3)
FN:76,(anonymous_4)
FN:80,(anonymous_5)
FN:81,(anonymous_6)
FN:85,(anonymous_7)
FN:88,(anonymous_8)
FN:91,(anonymous_9)
FN:96,(anonymous_10)
FN:98,(anonymous_11)
FN:105,(anonymous_12)
FN:110,(anonymous_13)
FN:130,(anonymous_14)
FNF:14
FNH:10
FNDA:1,(anonymous_1)
FNDA:1,(anonymous_2)
FNDA:1,(anonymous_3)
FNDA:1,(anonymous_4)
FNDA:1,(anonymous_5)
FNDA:1,(anonymous_6)
FNDA:0,(anonymous_7)
FNDA:0,(anonymous_8)
FNDA:0,(anonymous_9)
FNDA:1,(anonymous_10)
FNDA:0,(anonymous_11)
FNDA:1,(anonymous_12)
FNDA:1,(anonymous_13)
FNDA:1,(anonymous_14)
DA:37,1
DA:41,1
DA:58,1
DA:62,1
DA:63,2
DA:64,1
DA:76,1
DA:77,1
DA:81,1
DA:82,1
DA:83,1
DA:84,1
DA:85,0
DA:86,0
DA:88,0
DA:89,0
DA:91,0
DA:92,0
DA:98,1
DA:99,0
DA:102,1
DA:103,1
DA:106,1
DA:107,1
DA:108,1
DA:111,1
DA:112,1
DA:114,1
DA:115,1
DA:129,1
DA:130,1
DA:131,1
LF:32
LH:25
BRDA:63,0,0,1
BRDA:63,0,1,0
BRF:2
BRH:1
end_of_record
TN:
SF:/Users/user/Desktop/web2.0/WeIns_F/src/components/release_blog.vue
FN:164,(anonymous_1)
FN:185,(anonymous_2)
FN:189,(anonymous_3)
FN:205,(anonymous_4)
FN:208,(anonymous_5)
FN:216,(anonymous_6)
FN:238,(anonymous_7)
FN:273,(anonymous_8)
FN:278,(anonymous_9)
FN:282,(anonymous_10)
FN:287,(anonymous_11)
FN:292,(anonymous_12)
FN:297,(anonymous_13)
FN:312,(anonymous_14)
FN:316,(anonymous_15)
FN:317,(anonymous_16)
FN:321,(anonymous_17)
FN:324,(anonymous_18)
FN:327,(anonymous_19)
FN:332,(anonymous_20)
FN:335,(anonymous_21)
FN:343,(anonymous_22)
FN:360,(anonymous_23)
FN:373,(anonymous_24)
FN:383,(anonymous_25)
FN:387,(anonymous_26)
FN:401,(anonymous_27)
FN:406,(anonymous_28)
FN:427,(anonymous_29)
FN:442,(anonymous_30)
FN:449,(anonymous_31)
FN:452,(anonymous_32)
FN:455,(anonymous_33)
FN:459,(anonymous_34)
FN:462,(anonymous_35)
FN:470,(anonymous_36)
FN:500,(anonymous_37)
FNF:37
FNH:32
FNDA:2,(anonymous_1)
FNDA:2,(anonymous_2)
FNDA:1,(anonymous_3)
FNDA:3,(anonymous_4)
FNDA:3,(anonymous_5)
FNDA:1,(anonymous_6)
FNDA:3,(anonymous_7)
FNDA:1,(anonymous_8)
FNDA:1,(anonymous_9)
FNDA:1,(anonymous_10)
FNDA:1,(anonymous_11)
FNDA:1,(anonymous_12)
FNDA:4,(anonymous_13)
FNDA:1,(anonymous_14)
FNDA:3,(anonymous_15)
FNDA:3,(anonymous_16)
FNDA:0,(anonymous_17)
FNDA:0,(anonymous_18)
FNDA:0,(anonymous_19)
FNDA:3,(anonymous_20)
FNDA:0,(anonymous_21)
FNDA:3,(anonymous_22)
FNDA:3,(anonymous_23)
FNDA:2,(anonymous_24)
FNDA:5,(anonymous_25)
FNDA:2,(anonymous_26)
FNDA:2,(anonymous_27)
FNDA:6,(anonymous_28)
FNDA:2,(anonymous_29)
FNDA:2,(anonymous_30)
FNDA:1,(anonymous_31)
FNDA:0,(anonymous_32)
FNDA:1,(anonymous_33)
FNDA:3,(anonymous_34)
FNDA:2,(anonymous_35)
FNDA:3,(anonymous_36)
FNDA:1,(anonymous_37)
DA:157,1
DA:158,1
DA:165,2
DA:186,2
DA:190,1
DA:191,1
DA:192,1
DA:193,1
DA:194,1
DA:195,1
DA:196,1
DA:197,1
DA:198,1
DA:199,1
DA:200,1
DA:201,1
DA:202,1
DA:203,1
DA:206,3
DA:209,8
DA:217,1
DA:218,1
DA:219,1
DA:220,1
DA:221,1
DA:224,1
DA:225,1
DA:226,1
DA:229,1
DA:230,1
DA:231,1
DA:233,1
DA:234,1
DA:236,1
DA:239,3
DA:240,3
DA:241,1
DA:242,1
DA:245,2
DA:246,1
DA:247,1
DA:250,1
DA:273,1
DA:274,1
DA:275,1
DA:279,1
DA:280,1
DA:283,1
DA:284,1
DA:285,1
DA:288,1
DA:289,1
DA:290,1
DA:293,1
DA:294,1
DA:295,1
DA:298,4
DA:299,1
DA:300,1
DA:302,3
DA:303,1
DA:304,1
DA:306,2
DA:307,1
DA:308,1
DA:310,1
DA:313,1
DA:314,1
DA:317,3
DA:318,3
DA:319,3
DA:320,3
DA:321,0
DA:322,0
DA:324,0
DA:325,0
DA:327,0
DA:328,0
DA:333,4
DA:335,3
DA:336,0
DA:341,3
DA:344,3
DA:345,3
DA:346,3
DA:347,1
DA:348,1
DA:349,1
DA:351,2
DA:352,1
DA:353,1
DA:355,1
DA:356,1
DA:357,1
DA:361,3
DA:363,2
DA:364,1
DA:365,1
DA:367,1
DA:368,1
DA:369,1
DA:371,1
DA:374,2
DA:375,2
DA:377,1
DA:378,1
DA:380,2
DA:381,2
DA:384,5
DA:385,5
DA:388,2
DA:401,2
DA:402,2
DA:403,2
DA:407,6
DA:409,0
DA:410,0
DA:412,3
DA:413,1
DA:414,1
DA:417,2
DA:418,2
DA:421,1
DA:422,1
DA:424,2
DA:428,2
DA:429,2
DA:442,2
DA:444,2
DA:447,2
DA:450,1
DA:451,1
DA:452,1
DA:453,1
DA:456,1
DA:457,1
DA:460,3
DA:463,2
DA:464,1
DA:465,1
DA:468,2
DA:471,3
DA:472,2
DA:474,3
DA:475,1
DA:477,3
DA:478,1
DA:479,1
DA:482,2
DA:483,1
DA:484,1
DA:487,1
DA:500,1
DA:501,1
LF:154
LH:145
BRDA:209,0,0,2
BRDA:209,0,1,3
BRDA:240,1,0,1
BRDA:240,1,1,2
BRDA:245,2,0,1
BRDA:245,2,1,1
BRDA:245,3,0,2
BRDA:245,3,1,1
BRDA:298,4,0,1
BRDA:298,4,1,3
BRDA:302,5,0,1
BRDA:302,5,1,2
BRDA:306,6,0,1
BRDA:306,6,1,1
BRDA:333,7,0,1
BRDA:333,7,1,2
BRDA:346,8,0,1
BRDA:346,8,1,2
BRDA:351,9,0,1
BRDA:351,9,1,1
BRDA:361,10,0,1
BRDA:361,10,1,2
BRDA:363,11,0,1
BRDA:363,11,1,1
BRDA:375,12,0,1
BRDA:375,12,1,1
BRDA:408,13,0,0
BRDA:408,13,1,3
BRDA:408,13,2,1
BRDA:408,13,3,2
BRDA:412,14,0,1
BRDA:412,14,1,2
BRDA:450,15,0,1
BRDA:450,15,1,0
BRDA:460,16,0,1
BRDA:460,16,1,2
BRDA:463,17,0,1
BRDA:463,17,1,1
BRDA:471,18,0,2
BRDA:471,18,1,1
BRDA:474,19,0,1
BRDA:474,19,1,2
BRDA:477,20,0,1
BRDA:477,20,1,2
BRDA:482,21,0,1
BRDA:482,21,1,1
BRDA:482,22,0,2
BRDA:482,22,1,1
BRF:48
BRH:46
end_of_record
TN:
SF:/Users/user/Desktop/web2.0/WeIns_F/src/components/signinForm.vue
FN:52,(anonymous_1)
FN:64,(anonymous_2)
FN:69,(anonymous_3)
FN:73,(anonymous_4)
FN:181,(anonymous_5)
FN:190,(anonymous_6)
FNF:6
FNH:6
FNDA:3,(anonymous_1)
FNDA:3,(anonymous_2)
FNDA:1,(anonymous_3)
FNDA:8,(anonymous_4)
FNDA:2,(anonymous_5)
FNDA:1,(anonymous_6)
DA:50,2
DA:53,3
DA:65,3
DA:70,1
DA:71,1
DA:74,8
DA:75,7
DA:76,7
DA:77,2
DA:78,2
DA:79,2
DA:81,5
DA:82,5
DA:83,1
DA:84,1
DA:85,1
DA:89,4
DA:90,4
DA:91,1
DA:93,1
DA:94,1
DA:95,3
DA:96,1
DA:98,1
DA:99,1
DA:102,2
DA:104,2
DA:181,2
DA:182,2
DA:183,2
DA:187,1
DA:191,1
DA:192,1
LF:33
LH:33
BRDA:65,0,0,0
BRDA:65,0,1,3
BRDA:74,1,0,7
BRDA:74,1,1,1
BRDA:76,2,0,2
BRDA:76,2,1,5
BRDA:82,3,0,1
BRDA:82,3,1,4
BRDA:90,4,0,1
BRDA:90,4,1,3
BRDA:95,5,0,1
BRDA:95,5,1,2
BRDA:95,6,0,3
BRDA:95,6,1,2
BRF:14
BRH:13
end_of_record
TN:
SF:/Users/user/Desktop/web2.0/WeIns_F/src/components/topnav.vue
FN:94,(anonymous_1)
FN:105,(anonymous_2)
FN:125,(anonymous_3)
FN:139,(anonymous_4)
FN:155,(anonymous_5)
FN:160,(anonymous_6)
FN:175,(anonymous_7)
FN:180,(anonymous_8)
FN:188,(anonymous_9)
FN:191,(anonymous_10)
FN:231,(anonymous_11)
FNF:11
FNH:10
FNDA:2,(anonymous_1)
FNDA:2,(anonymous_2)
FNDA:2,(anonymous_3)
FNDA:1,(anonymous_4)
FNDA:1,(anonymous_5)
FNDA:1,(anonymous_6)
FNDA:1,(anonymous_7)
FNDA:2,(anonymous_8)
FNDA:0,(anonymous_9)
FNDA:4,(anonymous_10)
FNDA:4,(anonymous_11)
DA:89,1
DA:90,1
DA:95,2
DA:107,2
DA:117,2
DA:126,2
DA:127,1
DA:128,1
DA:131,1
DA:132,1
DA:133,1
DA:135,1
DA:136,1
DA:137,1
DA:140,1
DA:155,1
DA:156,1
DA:157,1
DA:161,1
DA:175,1
DA:176,1
DA:177,1
DA:181,2
DA:182,2
DA:183,1
DA:184,1
DA:187,2
DA:188,2
DA:189,2
DA:192,4
DA:193,2
DA:194,2
DA:196,6
DA:197,4
DA:198,2
DA:200,1
DA:201,1
DA:204,1
DA:210,1
DA:214,2
DA:215,2
DA:216,1
DA:222,1
DA:223,1
DA:229,1
DA:232,4
DA:234,1
DA:235,1
DA:237,1
DA:238,1
DA:241,1
DA:242,1
DA:243,1
DA:244,1
DA:246,1
LF:55
LH:55
BRDA:126,0,0,1
BRDA:126,0,1,1
BRDA:182,1,0,1
BRDA:182,1,1,1
BRDA:192,2,0,2
BRDA:192,2,1,2
BRDA:196,3,0,2
BRDA:196,3,1,2
BRDA:197,4,0,2
BRDA:197,4,1,2
BRDA:198,5,0,1
BRDA:198,5,1,1
BRDA:198,6,0,2
BRDA:198,6,1,1
BRDA:215,7,0,1
BRDA:215,7,1,1
BRDA:233,8,0,1
BRDA:233,8,1,1
BRDA:233,8,2,1
BRDA:233,8,3,1
BRF:20
BRH:20
end_of_record
